#-----------------------------------------------------------
# Vivado v2018.2 (64-bit)
# SW Build 2258646 on Thu Jun 14 20:03:12 MDT 2018
# IP Build 2256618 on Thu Jun 14 22:10:49 MDT 2018
# Start of session at: Tue Oct 24 12:05:26 2023
# Process ID: 12144
# Current directory: C:/Users/Student/izingnot/LAB2/project_2
# Command line: vivado.exe -gui_launcher_event rodinguilauncherevent6120 C:\Users\Student\izingnot\LAB2\project_2\project_2.xpr
# Log file: C:/Users/Student/izingnot/LAB2/project_2/vivado.log
# Journal file: C:/Users/Student/izingnot/LAB2/project_2\vivado.jou
#-----------------------------------------------------------
start_gui
open_project C:/Users/Student/izingnot/LAB2/project_2/project_2.xpr
Scanning sources...
Finished scanning sources
INFO: [IP_Flow 19-234] Refreshing IP repositories
INFO: [IP_Flow 19-1704] No user IP repositories specified
INFO: [IP_Flow 19-2313] Loaded Vivado IP repository 'C:/Xilinx/Vivado/2018.2/data/ip'.
update_compile_order -fileset sources_1
close [ open C:/Users/Student/izingnot/LAB2/project_2/project_2.srcs/sources_1/new/tb.v w ]
add_files C:/Users/Student/izingnot/LAB2/project_2/project_2.srcs/sources_1/new/tb.v
update_compile_order -fileset sources_1
export_ip_user_files -of_objects  [get_files C:/Users/Student/izingnot/LAB2/project_2/project_2.srcs/sources_1/new/tb.v] -no_script -reset -force -quiet
remove_files  C:/Users/Student/izingnot/LAB2/project_2/project_2.srcs/sources_1/new/tb.v
close [ open C:/Users/Student/izingnot/LAB2/project_2/project_2.srcs/sources_1/new/tb1.v w ]
add_files C:/Users/Student/izingnot/LAB2/project_2/project_2.srcs/sources_1/new/tb1.v
update_compile_order -fileset sources_1
update_compile_order -fileset sources_1
launch_runs synth_1
[Tue Oct 24 13:34:41 2023] Launched synth_1...
Run output will be captured here: C:/Users/Student/izingnot/LAB2/project_2/project_2.runs/synth_1/runme.log
reset_run synth_1
launch_runs synth_1
[Tue Oct 24 13:36:15 2023] Launched synth_1...
Run output will be captured here: C:/Users/Student/izingnot/LAB2/project_2/project_2.runs/synth_1/runme.log
exit
INFO: [Common 17-206] Exiting Vivado at Tue Oct 24 13:52:38 2023...
