
*** Running vivado
    with args -log tb1.vds -m64 -product Vivado -mode batch -messageDb vivado.pb -notrace -source tb1.tcl


****** Vivado v2018.2 (64-bit)
  **** SW Build 2258646 on Thu Jun 14 20:03:12 MDT 2018
  **** IP Build 2256618 on Thu Jun 14 22:10:49 MDT 2018
    ** Copyright 1986-2018 Xilinx, Inc. All Rights Reserved.

source tb1.tcl -notrace
Command: synth_design -top tb1 -part xc7a35tcpg236-1
Starting synth_design
Attempting to get a license for feature 'Synthesis' and/or device 'xc7a35t'
INFO: [Common 17-349] Got license for feature 'Synthesis' and/or device 'xc7a35t'
INFO: Launching helper process for spawning children vivado processes
INFO: Helper process launched with PID 5364 
---------------------------------------------------------------------------------
Starting Synthesize : Time (s): cpu = 00:00:02 ; elapsed = 00:00:02 . Memory (MB): peak = 356.516 ; gain = 99.527
---------------------------------------------------------------------------------
INFO: [Synth 8-6157] synthesizing module 'tb1' [C:/Users/Student/izingnot/LAB2/project_2/project_2.srcs/sources_1/new/tb1.v:23]
INFO: [Synth 8-6157] synthesizing module 'converter' [C:/Users/Student/izingnot/LAB2/project_2/project_2.srcs/sources_1/new/oumuamua.v:23]
INFO: [Synth 8-6157] synthesizing module 'sign' [C:/Users/Student/izingnot/LAB2/project_2/project_2.srcs/sources_1/new/oumuamua.v:65]
WARNING: [Synth 8-311] ignoring non-constant assignment in initial block [C:/Users/Student/izingnot/LAB2/project_2/project_2.srcs/sources_1/new/oumuamua.v:81]
WARNING: [Synth 8-3848] Net sign in module/entity sign does not have driver. [C:/Users/Student/izingnot/LAB2/project_2/project_2.srcs/sources_1/new/oumuamua.v:76]
INFO: [Synth 8-6155] done synthesizing module 'sign' (1#1) [C:/Users/Student/izingnot/LAB2/project_2/project_2.srcs/sources_1/new/oumuamua.v:65]
INFO: [Synth 8-6157] synthesizing module 'extraction' [C:/Users/Student/izingnot/LAB2/project_2/project_2.srcs/sources_1/new/oumuamua.v:99]
ERROR: [Synth 8-36] 'break' is not declared [C:/Users/Student/izingnot/LAB2/project_2/project_2.srcs/sources_1/new/oumuamua.v:127]
ERROR: [Synth 8-6156] failed synthesizing module 'extraction' [C:/Users/Student/izingnot/LAB2/project_2/project_2.srcs/sources_1/new/oumuamua.v:99]
ERROR: [Synth 8-6156] failed synthesizing module 'converter' [C:/Users/Student/izingnot/LAB2/project_2/project_2.srcs/sources_1/new/oumuamua.v:23]
ERROR: [Synth 8-6156] failed synthesizing module 'tb1' [C:/Users/Student/izingnot/LAB2/project_2/project_2.srcs/sources_1/new/tb1.v:23]
---------------------------------------------------------------------------------
Finished Synthesize : Time (s): cpu = 00:00:02 ; elapsed = 00:00:02 . Memory (MB): peak = 411.008 ; gain = 154.020
---------------------------------------------------------------------------------
synthesize failed
INFO: [Common 17-83] Releasing license: Synthesis
7 Infos, 2 Warnings, 0 Critical Warnings and 5 Errors encountered.
synth_design failed
ERROR: [Common 17-69] Command failed: Vivado Synthesis failed
INFO: [Common 17-206] Exiting Vivado at Tue Oct 24 13:36:24 2023...

*** Running vivado
    with args -log tb1.vds -m64 -product Vivado -mode batch -messageDb vivado.pb -notrace -source tb1.tcl


****** Vivado v2018.2 (64-bit)
  **** SW Build 2258646 on Thu Jun 14 20:03:12 MDT 2018
  **** IP Build 2256618 on Thu Jun 14 22:10:49 MDT 2018
    ** Copyright 1986-2018 Xilinx, Inc. All Rights Reserved.

source tb1.tcl -notrace
Command: synth_design -top tb1 -part xc7a35tcpg236-1
Starting synth_design
Attempting to get a license for feature 'Synthesis' and/or device 'xc7a35t'
INFO: [Common 17-349] Got license for feature 'Synthesis' and/or device 'xc7a35t'
INFO: Launching helper process for spawning children vivado processes
INFO: Helper process launched with PID 8876 
---------------------------------------------------------------------------------
Starting Synthesize : Time (s): cpu = 00:00:02 ; elapsed = 00:00:02 . Memory (MB): peak = 356.195 ; gain = 99.133
---------------------------------------------------------------------------------
INFO: [Synth 8-6157] synthesizing module 'tb1' [C:/Users/Student/izingnot/LAB2/project_2/project_2.srcs/sources_1/new/tb1.v:23]
INFO: [Synth 8-6157] synthesizing module 'converter' [C:/Users/Student/izingnot/LAB2/project_2/project_2.srcs/sources_1/new/oumuamua.v:23]
INFO: [Synth 8-6157] synthesizing module 'sign' [C:/Users/Student/izingnot/LAB2/project_2/project_2.srcs/sources_1/new/oumuamua.v:65]
WARNING: [Synth 8-311] ignoring non-constant assignment in initial block [C:/Users/Student/izingnot/LAB2/project_2/project_2.srcs/sources_1/new/oumuamua.v:81]
WARNING: [Synth 8-3848] Net sign in module/entity sign does not have driver. [C:/Users/Student/izingnot/LAB2/project_2/project_2.srcs/sources_1/new/oumuamua.v:76]
INFO: [Synth 8-6155] done synthesizing module 'sign' (1#1) [C:/Users/Student/izingnot/LAB2/project_2/project_2.srcs/sources_1/new/oumuamua.v:65]
INFO: [Synth 8-6157] synthesizing module 'extraction' [C:/Users/Student/izingnot/LAB2/project_2/project_2.srcs/sources_1/new/oumuamua.v:99]
INFO: [Synth 8-6155] done synthesizing module 'extraction' (2#1) [C:/Users/Student/izingnot/LAB2/project_2/project_2.srcs/sources_1/new/oumuamua.v:99]
INFO: [Synth 8-6157] synthesizing module 'round' [C:/Users/Student/izingnot/LAB2/project_2/project_2.srcs/sources_1/new/oumuamua.v:176]
INFO: [Synth 8-6155] done synthesizing module 'round' (3#1) [C:/Users/Student/izingnot/LAB2/project_2/project_2.srcs/sources_1/new/oumuamua.v:176]
INFO: [Synth 8-6155] done synthesizing module 'converter' (4#1) [C:/Users/Student/izingnot/LAB2/project_2/project_2.srcs/sources_1/new/oumuamua.v:23]
INFO: [Synth 8-6155] done synthesizing module 'tb1' (5#1) [C:/Users/Student/izingnot/LAB2/project_2/project_2.srcs/sources_1/new/tb1.v:23]
WARNING: [Synth 8-3331] design extraction has unconnected port num[11]
WARNING: [Synth 8-3331] design extraction has unconnected port num[10]
WARNING: [Synth 8-3331] design extraction has unconnected port num[9]
WARNING: [Synth 8-3331] design extraction has unconnected port num[8]
WARNING: [Synth 8-3331] design extraction has unconnected port num[7]
WARNING: [Synth 8-3331] design extraction has unconnected port num[6]
WARNING: [Synth 8-3331] design extraction has unconnected port num[5]
---------------------------------------------------------------------------------
Finished Synthesize : Time (s): cpu = 00:00:02 ; elapsed = 00:00:03 . Memory (MB): peak = 410.762 ; gain = 153.699
---------------------------------------------------------------------------------
---------------------------------------------------------------------------------
Finished Constraint Validation : Time (s): cpu = 00:00:02 ; elapsed = 00:00:03 . Memory (MB): peak = 410.762 ; gain = 153.699
---------------------------------------------------------------------------------
---------------------------------------------------------------------------------
Start Loading Part and Timing Information
---------------------------------------------------------------------------------
Loading part: xc7a35tcpg236-1
INFO: [Device 21-403] Loading part xc7a35tcpg236-1
---------------------------------------------------------------------------------
Finished Loading Part and Timing Information : Time (s): cpu = 00:00:02 ; elapsed = 00:00:03 . Memory (MB): peak = 410.762 ; gain = 153.699
---------------------------------------------------------------------------------
---------------------------------------------------------------------------------
Finished RTL Optimization Phase 2 : Time (s): cpu = 00:00:02 ; elapsed = 00:00:03 . Memory (MB): peak = 410.762 ; gain = 153.699
---------------------------------------------------------------------------------

Report RTL Partitions: 
+-+--------------+------------+----------+
| |RTL Partition |Replication |Instances |
+-+--------------+------------+----------+
+-+--------------+------------+----------+
No constraint files found.
---------------------------------------------------------------------------------
Start RTL Component Statistics 
---------------------------------------------------------------------------------
Detailed RTL Component Info : 
+---Adders : 
	   2 Input     12 Bit       Adders := 1     
	   2 Input      4 Bit       Adders := 1     
+---Muxes : 
	   2 Input     12 Bit        Muxes := 1     
---------------------------------------------------------------------------------
Finished RTL Component Statistics 
---------------------------------------------------------------------------------
---------------------------------------------------------------------------------
Start RTL Hierarchical Component Statistics 
---------------------------------------------------------------------------------
Hierarchical RTL Component report 
Module sign 
Detailed RTL Component Info : 
+---Adders : 
	   2 Input     12 Bit       Adders := 1     
+---Muxes : 
	   2 Input     12 Bit        Muxes := 1     
Module round 
Detailed RTL Component Info : 
+---Adders : 
	   2 Input      4 Bit       Adders := 1     
---------------------------------------------------------------------------------
Finished RTL Hierarchical Component Statistics
---------------------------------------------------------------------------------
---------------------------------------------------------------------------------
Start Part Resource Summary
---------------------------------------------------------------------------------
Part Resources:
DSPs: 90 (col length:60)
BRAMs: 100 (col length: RAMB18 60 RAMB36 30)
---------------------------------------------------------------------------------
Finished Part Resource Summary
---------------------------------------------------------------------------------
No constraint files found.
---------------------------------------------------------------------------------
Start Cross Boundary and Area Optimization
---------------------------------------------------------------------------------
Warning: Parallel synthesis criteria is not met 
WARNING: [Synth 8-115] binding instance 'i_0' in module 'tb1' to reference 'partition' which has no pins
WARNING: [Synth 8-3330] design tb1 has an empty top module
---------------------------------------------------------------------------------
Finished Cross Boundary and Area Optimization : Time (s): cpu = 00:00:05 ; elapsed = 00:00:07 . Memory (MB): peak = 524.062 ; gain = 267.000
---------------------------------------------------------------------------------

Report RTL Partitions: 
+-+--------------+------------+----------+
| |RTL Partition |Replication |Instances |
+-+--------------+------------+----------+
+-+--------------+------------+----------+
No constraint files found.
---------------------------------------------------------------------------------
Start Timing Optimization
---------------------------------------------------------------------------------
---------------------------------------------------------------------------------
Finished Timing Optimization : Time (s): cpu = 00:00:05 ; elapsed = 00:00:07 . Memory (MB): peak = 524.062 ; gain = 267.000
---------------------------------------------------------------------------------

Report RTL Partitions: 
+-+--------------+------------+----------+
| |RTL Partition |Replication |Instances |
+-+--------------+------------+----------+
+-+--------------+------------+----------+
---------------------------------------------------------------------------------
Start Technology Mapping
---------------------------------------------------------------------------------
---------------------------------------------------------------------------------
Finished Technology Mapping : Time (s): cpu = 00:00:05 ; elapsed = 00:00:07 . Memory (MB): peak = 524.062 ; gain = 267.000
---------------------------------------------------------------------------------

Report RTL Partitions: 
+-+--------------+------------+----------+
| |RTL Partition |Replication |Instances |
+-+--------------+------------+----------+
+-+--------------+------------+----------+
---------------------------------------------------------------------------------
Start IO Insertion
---------------------------------------------------------------------------------
---------------------------------------------------------------------------------
Start Flattening Before IO Insertion
---------------------------------------------------------------------------------
---------------------------------------------------------------------------------
Finished Flattening Before IO Insertion
---------------------------------------------------------------------------------
---------------------------------------------------------------------------------
Start Final Netlist Cleanup
---------------------------------------------------------------------------------
---------------------------------------------------------------------------------
Finished Final Netlist Cleanup
---------------------------------------------------------------------------------
---------------------------------------------------------------------------------
Finished IO Insertion : Time (s): cpu = 00:00:06 ; elapsed = 00:00:08 . Memory (MB): peak = 524.062 ; gain = 267.000
---------------------------------------------------------------------------------

Report Check Netlist: 
+------+------------------+-------+---------+-------+------------------+
|      |Item              |Errors |Warnings |Status |Description       |
+------+------------------+-------+---------+-------+------------------+
|1     |multi_driven_nets |      0|        0|Passed |Multi driven nets |
+------+------------------+-------+---------+-------+------------------+
---------------------------------------------------------------------------------
Start Renaming Generated Instances
---------------------------------------------------------------------------------
---------------------------------------------------------------------------------
Finished Renaming Generated Instances : Time (s): cpu = 00:00:06 ; elapsed = 00:00:08 . Memory (MB): peak = 524.062 ; gain = 267.000
---------------------------------------------------------------------------------

Report RTL Partitions: 
+-+--------------+------------+----------+
| |RTL Partition |Replication |Instances |
+-+--------------+------------+----------+
+-+--------------+------------+----------+
---------------------------------------------------------------------------------
Start Rebuilding User Hierarchy
---------------------------------------------------------------------------------
---------------------------------------------------------------------------------
Finished Rebuilding User Hierarchy : Time (s): cpu = 00:00:06 ; elapsed = 00:00:08 . Memory (MB): peak = 524.062 ; gain = 267.000
---------------------------------------------------------------------------------
---------------------------------------------------------------------------------
Start Renaming Generated Ports
---------------------------------------------------------------------------------
---------------------------------------------------------------------------------
Finished Renaming Generated Ports : Time (s): cpu = 00:00:06 ; elapsed = 00:00:08 . Memory (MB): peak = 524.062 ; gain = 267.000
---------------------------------------------------------------------------------
---------------------------------------------------------------------------------
Start Handling Custom Attributes
---------------------------------------------------------------------------------
---------------------------------------------------------------------------------
Finished Handling Custom Attributes : Time (s): cpu = 00:00:06 ; elapsed = 00:00:08 . Memory (MB): peak = 524.062 ; gain = 267.000
---------------------------------------------------------------------------------
---------------------------------------------------------------------------------
Start Renaming Generated Nets
---------------------------------------------------------------------------------
---------------------------------------------------------------------------------
Finished Renaming Generated Nets : Time (s): cpu = 00:00:06 ; elapsed = 00:00:08 . Memory (MB): peak = 524.062 ; gain = 267.000
---------------------------------------------------------------------------------
---------------------------------------------------------------------------------
Start Writing Synthesis Report
---------------------------------------------------------------------------------

Report BlackBoxes: 
+-+--------------+----------+
| |BlackBox name |Instances |
+-+--------------+----------+
+-+--------------+----------+

Report Cell Usage: 
+-+-----+------+
| |Cell |Count |
+-+-----+------+
+-+-----+------+

Report Instance Areas: 
+------+---------+-------+------+
|      |Instance |Module |Cells |
+------+---------+-------+------+
|1     |top      |       |     0|
+------+---------+-------+------+
---------------------------------------------------------------------------------
Finished Writing Synthesis Report : Time (s): cpu = 00:00:06 ; elapsed = 00:00:08 . Memory (MB): peak = 524.062 ; gain = 267.000
---------------------------------------------------------------------------------
Synthesis finished with 0 errors, 0 critical warnings and 11 warnings.
Synthesis Optimization Runtime : Time (s): cpu = 00:00:06 ; elapsed = 00:00:08 . Memory (MB): peak = 524.062 ; gain = 267.000
Synthesis Optimization Complete : Time (s): cpu = 00:00:06 ; elapsed = 00:00:08 . Memory (MB): peak = 524.062 ; gain = 267.000
INFO: [Project 1-571] Translating synthesized netlist
INFO: [Project 1-570] Preparing netlist for logic optimization
INFO: [Opt 31-138] Pushed 0 inverter(s) to 0 load pin(s).
INFO: [Project 1-111] Unisim Transformation Summary:
No Unisim elements were transformed.

INFO: [Common 17-83] Releasing license: Synthesis
17 Infos, 11 Warnings, 0 Critical Warnings and 0 Errors encountered.
synth_design completed successfully
synth_design: Time (s): cpu = 00:00:09 ; elapsed = 00:00:12 . Memory (MB): peak = 640.039 ; gain = 395.848
WARNING: [Constraints 18-5210] No constraint will be written out.
INFO: [Common 17-1381] The checkpoint 'C:/Users/Student/izingnot/LAB2/project_2/project_2.runs/synth_1/tb1.dcp' has been generated.
INFO: [runtcl-4] Executing : report_utilization -file tb1_utilization_synth.rpt -pb tb1_utilization_synth.pb
report_utilization: Time (s): cpu = 00:00:00 ; elapsed = 00:00:00.025 . Memory (MB): peak = 640.039 ; gain = 0.000
INFO: [Common 17-206] Exiting Vivado at Thu Oct 26 11:56:33 2023...

*** Running vivado
    with args -log tb1.vds -m64 -product Vivado -mode batch -messageDb vivado.pb -notrace -source tb1.tcl


****** Vivado v2018.2 (64-bit)
  **** SW Build 2258646 on Thu Jun 14 20:03:12 MDT 2018
  **** IP Build 2256618 on Thu Jun 14 22:10:49 MDT 2018
    ** Copyright 1986-2018 Xilinx, Inc. All Rights Reserved.

source tb1.tcl -notrace
Command: synth_design -top tb1 -part xc7a35tcpg236-1
Starting synth_design
Attempting to get a license for feature 'Synthesis' and/or device 'xc7a35t'
INFO: [Common 17-349] Got license for feature 'Synthesis' and/or device 'xc7a35t'
INFO: Launching helper process for spawning children vivado processes
INFO: Helper process launched with PID 6544 
---------------------------------------------------------------------------------
Starting Synthesize : Time (s): cpu = 00:00:02 ; elapsed = 00:00:02 . Memory (MB): peak = 355.957 ; gain = 99.113
---------------------------------------------------------------------------------
INFO: [Synth 8-6157] synthesizing module 'tb1' [C:/Users/Student/izingnot/LAB2/project_2/project_2.srcs/sources_1/new/tb1.v:23]
INFO: [Synth 8-6157] synthesizing module 'converter' [C:/Users/Student/izingnot/LAB2/project_2/project_2.srcs/sources_1/new/oumuamua.v:23]
INFO: [Synth 8-6157] synthesizing module 'sign' [C:/Users/Student/izingnot/LAB2/project_2/project_2.srcs/sources_1/new/oumuamua.v:65]
INFO: [Synth 8-6155] done synthesizing module 'sign' (1#1) [C:/Users/Student/izingnot/LAB2/project_2/project_2.srcs/sources_1/new/oumuamua.v:65]
INFO: [Synth 8-6157] synthesizing module 'extraction' [C:/Users/Student/izingnot/LAB2/project_2/project_2.srcs/sources_1/new/oumuamua.v:93]
INFO: [Synth 8-6155] done synthesizing module 'extraction' (2#1) [C:/Users/Student/izingnot/LAB2/project_2/project_2.srcs/sources_1/new/oumuamua.v:93]
INFO: [Synth 8-6157] synthesizing module 'round' [C:/Users/Student/izingnot/LAB2/project_2/project_2.srcs/sources_1/new/oumuamua.v:170]
INFO: [Synth 8-6155] done synthesizing module 'round' (3#1) [C:/Users/Student/izingnot/LAB2/project_2/project_2.srcs/sources_1/new/oumuamua.v:170]
INFO: [Synth 8-6155] done synthesizing module 'converter' (4#1) [C:/Users/Student/izingnot/LAB2/project_2/project_2.srcs/sources_1/new/oumuamua.v:23]
INFO: [Synth 8-6155] done synthesizing module 'tb1' (5#1) [C:/Users/Student/izingnot/LAB2/project_2/project_2.srcs/sources_1/new/tb1.v:23]
WARNING: [Synth 8-3331] design extraction has unconnected port num[11]
WARNING: [Synth 8-3331] design extraction has unconnected port num[10]
WARNING: [Synth 8-3331] design extraction has unconnected port num[9]
WARNING: [Synth 8-3331] design extraction has unconnected port num[8]
WARNING: [Synth 8-3331] design extraction has unconnected port num[7]
WARNING: [Synth 8-3331] design extraction has unconnected port num[6]
WARNING: [Synth 8-3331] design extraction has unconnected port num[5]
---------------------------------------------------------------------------------
Finished Synthesize : Time (s): cpu = 00:00:02 ; elapsed = 00:00:03 . Memory (MB): peak = 410.797 ; gain = 153.953
---------------------------------------------------------------------------------
---------------------------------------------------------------------------------
Finished Constraint Validation : Time (s): cpu = 00:00:02 ; elapsed = 00:00:03 . Memory (MB): peak = 410.797 ; gain = 153.953
---------------------------------------------------------------------------------
---------------------------------------------------------------------------------
Start Loading Part and Timing Information
---------------------------------------------------------------------------------
Loading part: xc7a35tcpg236-1
---------------------------------------------------------------------------------
Finished Loading Part and Timing Information : Time (s): cpu = 00:00:02 ; elapsed = 00:00:03 . Memory (MB): peak = 410.797 ; gain = 153.953
---------------------------------------------------------------------------------
INFO: [Device 21-403] Loading part xc7a35tcpg236-1
---------------------------------------------------------------------------------
Finished RTL Optimization Phase 2 : Time (s): cpu = 00:00:02 ; elapsed = 00:00:03 . Memory (MB): peak = 410.797 ; gain = 153.953
---------------------------------------------------------------------------------

Report RTL Partitions: 
+-+--------------+------------+----------+
| |RTL Partition |Replication |Instances |
+-+--------------+------------+----------+
+-+--------------+------------+----------+
No constraint files found.
---------------------------------------------------------------------------------
Start RTL Component Statistics 
---------------------------------------------------------------------------------
Detailed RTL Component Info : 
+---Adders : 
	   2 Input     12 Bit       Adders := 1     
	   2 Input      4 Bit       Adders := 1     
+---Muxes : 
	   2 Input     12 Bit        Muxes := 1     
---------------------------------------------------------------------------------
Finished RTL Component Statistics 
---------------------------------------------------------------------------------
---------------------------------------------------------------------------------
Start RTL Hierarchical Component Statistics 
---------------------------------------------------------------------------------
Hierarchical RTL Component report 
Module sign 
Detailed RTL Component Info : 
+---Adders : 
	   2 Input     12 Bit       Adders := 1     
+---Muxes : 
	   2 Input     12 Bit        Muxes := 1     
Module round 
Detailed RTL Component Info : 
+---Adders : 
	   2 Input      4 Bit       Adders := 1     
---------------------------------------------------------------------------------
Finished RTL Hierarchical Component Statistics
---------------------------------------------------------------------------------
---------------------------------------------------------------------------------
Start Part Resource Summary
---------------------------------------------------------------------------------
Part Resources:
DSPs: 90 (col length:60)
BRAMs: 100 (col length: RAMB18 60 RAMB36 30)
---------------------------------------------------------------------------------
Finished Part Resource Summary
---------------------------------------------------------------------------------
No constraint files found.
---------------------------------------------------------------------------------
Start Cross Boundary and Area Optimization
---------------------------------------------------------------------------------
Warning: Parallel synthesis criteria is not met 
WARNING: [Synth 8-115] binding instance 'i_0' in module 'tb1' to reference 'partition' which has no pins
WARNING: [Synth 8-3330] design tb1 has an empty top module
---------------------------------------------------------------------------------
Finished Cross Boundary and Area Optimization : Time (s): cpu = 00:00:05 ; elapsed = 00:00:06 . Memory (MB): peak = 524.004 ; gain = 267.160
---------------------------------------------------------------------------------

Report RTL Partitions: 
+-+--------------+------------+----------+
| |RTL Partition |Replication |Instances |
+-+--------------+------------+----------+
+-+--------------+------------+----------+
No constraint files found.
---------------------------------------------------------------------------------
Start Timing Optimization
---------------------------------------------------------------------------------
---------------------------------------------------------------------------------
Finished Timing Optimization : Time (s): cpu = 00:00:05 ; elapsed = 00:00:06 . Memory (MB): peak = 524.004 ; gain = 267.160
---------------------------------------------------------------------------------

Report RTL Partitions: 
+-+--------------+------------+----------+
| |RTL Partition |Replication |Instances |
+-+--------------+------------+----------+
+-+--------------+------------+----------+
---------------------------------------------------------------------------------
Start Technology Mapping
---------------------------------------------------------------------------------
---------------------------------------------------------------------------------
Finished Technology Mapping : Time (s): cpu = 00:00:05 ; elapsed = 00:00:06 . Memory (MB): peak = 524.004 ; gain = 267.160
---------------------------------------------------------------------------------

Report RTL Partitions: 
+-+--------------+------------+----------+
| |RTL Partition |Replication |Instances |
+-+--------------+------------+----------+
+-+--------------+------------+----------+
---------------------------------------------------------------------------------
Start IO Insertion
---------------------------------------------------------------------------------
---------------------------------------------------------------------------------
Start Flattening Before IO Insertion
---------------------------------------------------------------------------------
---------------------------------------------------------------------------------
Finished Flattening Before IO Insertion
---------------------------------------------------------------------------------
---------------------------------------------------------------------------------
Start Final Netlist Cleanup
---------------------------------------------------------------------------------
---------------------------------------------------------------------------------
Finished Final Netlist Cleanup
---------------------------------------------------------------------------------
---------------------------------------------------------------------------------
Finished IO Insertion : Time (s): cpu = 00:00:06 ; elapsed = 00:00:07 . Memory (MB): peak = 524.004 ; gain = 267.160
---------------------------------------------------------------------------------

Report Check Netlist: 
+------+------------------+-------+---------+-------+------------------+
|      |Item              |Errors |Warnings |Status |Description       |
+------+------------------+-------+---------+-------+------------------+
|1     |multi_driven_nets |      0|        0|Passed |Multi driven nets |
+------+------------------+-------+---------+-------+------------------+
---------------------------------------------------------------------------------
Start Renaming Generated Instances
---------------------------------------------------------------------------------
---------------------------------------------------------------------------------
Finished Renaming Generated Instances : Time (s): cpu = 00:00:06 ; elapsed = 00:00:07 . Memory (MB): peak = 524.004 ; gain = 267.160
---------------------------------------------------------------------------------

Report RTL Partitions: 
+-+--------------+------------+----------+
| |RTL Partition |Replication |Instances |
+-+--------------+------------+----------+
+-+--------------+------------+----------+
---------------------------------------------------------------------------------
Start Rebuilding User Hierarchy
---------------------------------------------------------------------------------
---------------------------------------------------------------------------------
Finished Rebuilding User Hierarchy : Time (s): cpu = 00:00:06 ; elapsed = 00:00:07 . Memory (MB): peak = 524.004 ; gain = 267.160
---------------------------------------------------------------------------------
---------------------------------------------------------------------------------
Start Renaming Generated Ports
---------------------------------------------------------------------------------
---------------------------------------------------------------------------------
Finished Renaming Generated Ports : Time (s): cpu = 00:00:06 ; elapsed = 00:00:07 . Memory (MB): peak = 524.004 ; gain = 267.160
---------------------------------------------------------------------------------
---------------------------------------------------------------------------------
Start Handling Custom Attributes
---------------------------------------------------------------------------------
---------------------------------------------------------------------------------
Finished Handling Custom Attributes : Time (s): cpu = 00:00:06 ; elapsed = 00:00:07 . Memory (MB): peak = 524.004 ; gain = 267.160
---------------------------------------------------------------------------------
---------------------------------------------------------------------------------
Start Renaming Generated Nets
---------------------------------------------------------------------------------
---------------------------------------------------------------------------------
Finished Renaming Generated Nets : Time (s): cpu = 00:00:06 ; elapsed = 00:00:07 . Memory (MB): peak = 524.004 ; gain = 267.160
---------------------------------------------------------------------------------
---------------------------------------------------------------------------------
Start Writing Synthesis Report
---------------------------------------------------------------------------------

Report BlackBoxes: 
+-+--------------+----------+
| |BlackBox name |Instances |
+-+--------------+----------+
+-+--------------+----------+

Report Cell Usage: 
+-+-----+------+
| |Cell |Count |
+-+-----+------+
+-+-----+------+

Report Instance Areas: 
+------+---------+-------+------+
|      |Instance |Module |Cells |
+------+---------+-------+------+
|1     |top      |       |     0|
+------+---------+-------+------+
---------------------------------------------------------------------------------
Finished Writing Synthesis Report : Time (s): cpu = 00:00:06 ; elapsed = 00:00:07 . Memory (MB): peak = 524.004 ; gain = 267.160
---------------------------------------------------------------------------------
Synthesis finished with 0 errors, 0 critical warnings and 9 warnings.
Synthesis Optimization Runtime : Time (s): cpu = 00:00:06 ; elapsed = 00:00:07 . Memory (MB): peak = 524.004 ; gain = 267.160
Synthesis Optimization Complete : Time (s): cpu = 00:00:06 ; elapsed = 00:00:07 . Memory (MB): peak = 524.004 ; gain = 267.160
INFO: [Project 1-571] Translating synthesized netlist
INFO: [Project 1-570] Preparing netlist for logic optimization
INFO: [Opt 31-138] Pushed 0 inverter(s) to 0 load pin(s).
INFO: [Project 1-111] Unisim Transformation Summary:
No Unisim elements were transformed.

INFO: [Common 17-83] Releasing license: Synthesis
17 Infos, 9 Warnings, 0 Critical Warnings and 0 Errors encountered.
synth_design completed successfully
synth_design: Time (s): cpu = 00:00:09 ; elapsed = 00:00:11 . Memory (MB): peak = 638.254 ; gain = 393.875
WARNING: [Constraints 18-5210] No constraint will be written out.
INFO: [Common 17-1381] The checkpoint 'C:/Users/Student/izingnot/LAB2/project_2/project_2.runs/synth_1/tb1.dcp' has been generated.
INFO: [runtcl-4] Executing : report_utilization -file tb1_utilization_synth.rpt -pb tb1_utilization_synth.pb
report_utilization: Time (s): cpu = 00:00:00 ; elapsed = 00:00:00.018 . Memory (MB): peak = 638.254 ; gain = 0.000
INFO: [Common 17-206] Exiting Vivado at Thu Oct 26 12:05:10 2023...

*** Running vivado
    with args -log tb1.vds -m64 -product Vivado -mode batch -messageDb vivado.pb -notrace -source tb1.tcl


****** Vivado v2018.2 (64-bit)
  **** SW Build 2258646 on Thu Jun 14 20:03:12 MDT 2018
  **** IP Build 2256618 on Thu Jun 14 22:10:49 MDT 2018
    ** Copyright 1986-2018 Xilinx, Inc. All Rights Reserved.

source tb1.tcl -notrace
Command: synth_design -top tb1 -part xc7a35tcpg236-1
Starting synth_design
Attempting to get a license for feature 'Synthesis' and/or device 'xc7a35t'
INFO: [Common 17-349] Got license for feature 'Synthesis' and/or device 'xc7a35t'
INFO: Launching helper process for spawning children vivado processes
INFO: Helper process launched with PID 3772 
---------------------------------------------------------------------------------
Starting Synthesize : Time (s): cpu = 00:00:02 ; elapsed = 00:00:02 . Memory (MB): peak = 355.961 ; gain = 99.258
---------------------------------------------------------------------------------
INFO: [Synth 8-6157] synthesizing module 'tb1' [C:/Users/Student/izingnot/LAB2/project_2/project_2.srcs/sources_1/new/tb1.v:23]
INFO: [Synth 8-6157] synthesizing module 'converter' [C:/Users/Student/izingnot/LAB2/project_2/project_2.srcs/sources_1/new/oumuamua.v:23]
INFO: [Synth 8-6157] synthesizing module 'sign' [C:/Users/Student/izingnot/LAB2/project_2/project_2.srcs/sources_1/new/oumuamua.v:65]
INFO: [Synth 8-6155] done synthesizing module 'sign' (1#1) [C:/Users/Student/izingnot/LAB2/project_2/project_2.srcs/sources_1/new/oumuamua.v:65]
INFO: [Synth 8-6157] synthesizing module 'extraction' [C:/Users/Student/izingnot/LAB2/project_2/project_2.srcs/sources_1/new/oumuamua.v:93]
INFO: [Synth 8-6155] done synthesizing module 'extraction' (2#1) [C:/Users/Student/izingnot/LAB2/project_2/project_2.srcs/sources_1/new/oumuamua.v:93]
INFO: [Synth 8-6157] synthesizing module 'round' [C:/Users/Student/izingnot/LAB2/project_2/project_2.srcs/sources_1/new/oumuamua.v:170]
INFO: [Synth 8-6155] done synthesizing module 'round' (3#1) [C:/Users/Student/izingnot/LAB2/project_2/project_2.srcs/sources_1/new/oumuamua.v:170]
INFO: [Synth 8-6155] done synthesizing module 'converter' (4#1) [C:/Users/Student/izingnot/LAB2/project_2/project_2.srcs/sources_1/new/oumuamua.v:23]
INFO: [Synth 8-6155] done synthesizing module 'tb1' (5#1) [C:/Users/Student/izingnot/LAB2/project_2/project_2.srcs/sources_1/new/tb1.v:23]
WARNING: [Synth 8-3331] design extraction has unconnected port num[11]
WARNING: [Synth 8-3331] design extraction has unconnected port num[10]
WARNING: [Synth 8-3331] design extraction has unconnected port num[9]
WARNING: [Synth 8-3331] design extraction has unconnected port num[8]
WARNING: [Synth 8-3331] design extraction has unconnected port num[7]
WARNING: [Synth 8-3331] design extraction has unconnected port num[6]
WARNING: [Synth 8-3331] design extraction has unconnected port num[5]
---------------------------------------------------------------------------------
Finished Synthesize : Time (s): cpu = 00:00:02 ; elapsed = 00:00:03 . Memory (MB): peak = 410.328 ; gain = 153.625
---------------------------------------------------------------------------------
---------------------------------------------------------------------------------
Finished Constraint Validation : Time (s): cpu = 00:00:02 ; elapsed = 00:00:03 . Memory (MB): peak = 410.328 ; gain = 153.625
---------------------------------------------------------------------------------
---------------------------------------------------------------------------------
Start Loading Part and Timing Information
---------------------------------------------------------------------------------
Loading part: xc7a35tcpg236-1
---------------------------------------------------------------------------------
Finished Loading Part and Timing Information : Time (s): cpu = 00:00:02 ; elapsed = 00:00:03 . Memory (MB): peak = 410.328 ; gain = 153.625
---------------------------------------------------------------------------------
INFO: [Device 21-403] Loading part xc7a35tcpg236-1
---------------------------------------------------------------------------------
Finished RTL Optimization Phase 2 : Time (s): cpu = 00:00:02 ; elapsed = 00:00:03 . Memory (MB): peak = 410.328 ; gain = 153.625
---------------------------------------------------------------------------------

Report RTL Partitions: 
+-+--------------+------------+----------+
| |RTL Partition |Replication |Instances |
+-+--------------+------------+----------+
+-+--------------+------------+----------+
No constraint files found.
---------------------------------------------------------------------------------
Start RTL Component Statistics 
---------------------------------------------------------------------------------
Detailed RTL Component Info : 
+---Adders : 
	   2 Input     12 Bit       Adders := 1     
	   2 Input      4 Bit       Adders := 1     
+---Muxes : 
	   2 Input     12 Bit        Muxes := 1     
---------------------------------------------------------------------------------
Finished RTL Component Statistics 
---------------------------------------------------------------------------------
---------------------------------------------------------------------------------
Start RTL Hierarchical Component Statistics 
---------------------------------------------------------------------------------
Hierarchical RTL Component report 
Module sign 
Detailed RTL Component Info : 
+---Adders : 
	   2 Input     12 Bit       Adders := 1     
+---Muxes : 
	   2 Input     12 Bit        Muxes := 1     
Module round 
Detailed RTL Component Info : 
+---Adders : 
	   2 Input      4 Bit       Adders := 1     
---------------------------------------------------------------------------------
Finished RTL Hierarchical Component Statistics
---------------------------------------------------------------------------------
---------------------------------------------------------------------------------
Start Part Resource Summary
---------------------------------------------------------------------------------
Part Resources:
DSPs: 90 (col length:60)
BRAMs: 100 (col length: RAMB18 60 RAMB36 30)
---------------------------------------------------------------------------------
Finished Part Resource Summary
---------------------------------------------------------------------------------
No constraint files found.
---------------------------------------------------------------------------------
Start Cross Boundary and Area Optimization
---------------------------------------------------------------------------------
Warning: Parallel synthesis criteria is not met 
WARNING: [Synth 8-115] binding instance 'i_0' in module 'tb1' to reference 'partition' which has no pins
WARNING: [Synth 8-3330] design tb1 has an empty top module
---------------------------------------------------------------------------------
Finished Cross Boundary and Area Optimization : Time (s): cpu = 00:00:05 ; elapsed = 00:00:06 . Memory (MB): peak = 519.848 ; gain = 263.145
---------------------------------------------------------------------------------

Report RTL Partitions: 
+-+--------------+------------+----------+
| |RTL Partition |Replication |Instances |
+-+--------------+------------+----------+
+-+--------------+------------+----------+
No constraint files found.
---------------------------------------------------------------------------------
Start Timing Optimization
---------------------------------------------------------------------------------
---------------------------------------------------------------------------------
Finished Timing Optimization : Time (s): cpu = 00:00:05 ; elapsed = 00:00:06 . Memory (MB): peak = 519.848 ; gain = 263.145
---------------------------------------------------------------------------------

Report RTL Partitions: 
+-+--------------+------------+----------+
| |RTL Partition |Replication |Instances |
+-+--------------+------------+----------+
+-+--------------+------------+----------+
---------------------------------------------------------------------------------
Start Technology Mapping
---------------------------------------------------------------------------------
---------------------------------------------------------------------------------
Finished Technology Mapping : Time (s): cpu = 00:00:05 ; elapsed = 00:00:06 . Memory (MB): peak = 519.848 ; gain = 263.145
---------------------------------------------------------------------------------

Report RTL Partitions: 
+-+--------------+------------+----------+
| |RTL Partition |Replication |Instances |
+-+--------------+------------+----------+
+-+--------------+------------+----------+
---------------------------------------------------------------------------------
Start IO Insertion
---------------------------------------------------------------------------------
---------------------------------------------------------------------------------
Start Flattening Before IO Insertion
---------------------------------------------------------------------------------
---------------------------------------------------------------------------------
Finished Flattening Before IO Insertion
---------------------------------------------------------------------------------
---------------------------------------------------------------------------------
Start Final Netlist Cleanup
---------------------------------------------------------------------------------
---------------------------------------------------------------------------------
Finished Final Netlist Cleanup
---------------------------------------------------------------------------------
---------------------------------------------------------------------------------
Finished IO Insertion : Time (s): cpu = 00:00:06 ; elapsed = 00:00:07 . Memory (MB): peak = 519.848 ; gain = 263.145
---------------------------------------------------------------------------------

Report Check Netlist: 
+------+------------------+-------+---------+-------+------------------+
|      |Item              |Errors |Warnings |Status |Description       |
+------+------------------+-------+---------+-------+------------------+
|1     |multi_driven_nets |      0|        0|Passed |Multi driven nets |
+------+------------------+-------+---------+-------+------------------+
---------------------------------------------------------------------------------
Start Renaming Generated Instances
---------------------------------------------------------------------------------
---------------------------------------------------------------------------------
Finished Renaming Generated Instances : Time (s): cpu = 00:00:06 ; elapsed = 00:00:07 . Memory (MB): peak = 519.848 ; gain = 263.145
---------------------------------------------------------------------------------

Report RTL Partitions: 
+-+--------------+------------+----------+
| |RTL Partition |Replication |Instances |
+-+--------------+------------+----------+
+-+--------------+------------+----------+
---------------------------------------------------------------------------------
Start Rebuilding User Hierarchy
---------------------------------------------------------------------------------
---------------------------------------------------------------------------------
Finished Rebuilding User Hierarchy : Time (s): cpu = 00:00:06 ; elapsed = 00:00:07 . Memory (MB): peak = 519.848 ; gain = 263.145
---------------------------------------------------------------------------------
---------------------------------------------------------------------------------
Start Renaming Generated Ports
---------------------------------------------------------------------------------
---------------------------------------------------------------------------------
Finished Renaming Generated Ports : Time (s): cpu = 00:00:06 ; elapsed = 00:00:07 . Memory (MB): peak = 519.848 ; gain = 263.145
---------------------------------------------------------------------------------
---------------------------------------------------------------------------------
Start Handling Custom Attributes
---------------------------------------------------------------------------------
---------------------------------------------------------------------------------
Finished Handling Custom Attributes : Time (s): cpu = 00:00:06 ; elapsed = 00:00:07 . Memory (MB): peak = 519.848 ; gain = 263.145
---------------------------------------------------------------------------------
---------------------------------------------------------------------------------
Start Renaming Generated Nets
---------------------------------------------------------------------------------
---------------------------------------------------------------------------------
Finished Renaming Generated Nets : Time (s): cpu = 00:00:06 ; elapsed = 00:00:07 . Memory (MB): peak = 519.848 ; gain = 263.145
---------------------------------------------------------------------------------
---------------------------------------------------------------------------------
Start Writing Synthesis Report
---------------------------------------------------------------------------------

Report BlackBoxes: 
+-+--------------+----------+
| |BlackBox name |Instances |
+-+--------------+----------+
+-+--------------+----------+

Report Cell Usage: 
+-+-----+------+
| |Cell |Count |
+-+-----+------+
+-+-----+------+

Report Instance Areas: 
+------+---------+-------+------+
|      |Instance |Module |Cells |
+------+---------+-------+------+
|1     |top      |       |     0|
+------+---------+-------+------+
---------------------------------------------------------------------------------
Finished Writing Synthesis Report : Time (s): cpu = 00:00:06 ; elapsed = 00:00:07 . Memory (MB): peak = 519.848 ; gain = 263.145
---------------------------------------------------------------------------------
Synthesis finished with 0 errors, 0 critical warnings and 9 warnings.
Synthesis Optimization Runtime : Time (s): cpu = 00:00:06 ; elapsed = 00:00:07 . Memory (MB): peak = 519.848 ; gain = 263.145
Synthesis Optimization Complete : Time (s): cpu = 00:00:06 ; elapsed = 00:00:07 . Memory (MB): peak = 519.848 ; gain = 263.145
INFO: [Project 1-571] Translating synthesized netlist
INFO: [Project 1-570] Preparing netlist for logic optimization
INFO: [Opt 31-138] Pushed 0 inverter(s) to 0 load pin(s).
INFO: [Project 1-111] Unisim Transformation Summary:
No Unisim elements were transformed.

INFO: [Common 17-83] Releasing license: Synthesis
17 Infos, 9 Warnings, 0 Critical Warnings and 0 Errors encountered.
synth_design completed successfully
synth_design: Time (s): cpu = 00:00:09 ; elapsed = 00:00:11 . Memory (MB): peak = 638.219 ; gain = 394.191
WARNING: [Constraints 18-5210] No constraint will be written out.
INFO: [Common 17-1381] The checkpoint 'C:/Users/Student/izingnot/LAB2/project_2/project_2.runs/synth_1/tb1.dcp' has been generated.
INFO: [runtcl-4] Executing : report_utilization -file tb1_utilization_synth.rpt -pb tb1_utilization_synth.pb
report_utilization: Time (s): cpu = 00:00:00 ; elapsed = 00:00:00.017 . Memory (MB): peak = 638.219 ; gain = 0.000
INFO: [Common 17-206] Exiting Vivado at Thu Oct 26 12:11:07 2023...

*** Running vivado
    with args -log tb1.vds -m64 -product Vivado -mode batch -messageDb vivado.pb -notrace -source tb1.tcl


****** Vivado v2018.2 (64-bit)
  **** SW Build 2258646 on Thu Jun 14 20:03:12 MDT 2018
  **** IP Build 2256618 on Thu Jun 14 22:10:49 MDT 2018
    ** Copyright 1986-2018 Xilinx, Inc. All Rights Reserved.

source tb1.tcl -notrace
Command: synth_design -top tb1 -part xc7a35tcpg236-1
Starting synth_design
Attempting to get a license for feature 'Synthesis' and/or device 'xc7a35t'
INFO: [Common 17-349] Got license for feature 'Synthesis' and/or device 'xc7a35t'
INFO: Launching helper process for spawning children vivado processes
INFO: Helper process launched with PID 1744 
---------------------------------------------------------------------------------
Starting Synthesize : Time (s): cpu = 00:00:02 ; elapsed = 00:00:02 . Memory (MB): peak = 356.449 ; gain = 99.117
---------------------------------------------------------------------------------
INFO: [Synth 8-6157] synthesizing module 'tb1' [C:/Users/Student/izingnot/LAB2/project_2/project_2.srcs/sources_1/new/tb1.v:23]
INFO: [Synth 8-6157] synthesizing module 'converter' [C:/Users/Student/izingnot/LAB2/project_2/project_2.srcs/sources_1/new/oumuamua.v:23]
INFO: [Synth 8-6157] synthesizing module 'sign' [C:/Users/Student/izingnot/LAB2/project_2/project_2.srcs/sources_1/new/oumuamua.v:68]
INFO: [Synth 8-6155] done synthesizing module 'sign' (1#1) [C:/Users/Student/izingnot/LAB2/project_2/project_2.srcs/sources_1/new/oumuamua.v:68]
INFO: [Synth 8-6157] synthesizing module 'extraction' [C:/Users/Student/izingnot/LAB2/project_2/project_2.srcs/sources_1/new/oumuamua.v:96]
INFO: [Synth 8-6155] done synthesizing module 'extraction' (2#1) [C:/Users/Student/izingnot/LAB2/project_2/project_2.srcs/sources_1/new/oumuamua.v:96]
INFO: [Synth 8-6157] synthesizing module 'round' [C:/Users/Student/izingnot/LAB2/project_2/project_2.srcs/sources_1/new/oumuamua.v:174]
WARNING: [Synth 8-311] ignoring non-constant assignment in initial block [C:/Users/Student/izingnot/LAB2/project_2/project_2.srcs/sources_1/new/oumuamua.v:190]
INFO: [Synth 8-6155] done synthesizing module 'round' (3#1) [C:/Users/Student/izingnot/LAB2/project_2/project_2.srcs/sources_1/new/oumuamua.v:174]
INFO: [Synth 8-6155] done synthesizing module 'converter' (4#1) [C:/Users/Student/izingnot/LAB2/project_2/project_2.srcs/sources_1/new/oumuamua.v:23]
INFO: [Synth 8-6155] done synthesizing module 'tb1' (5#1) [C:/Users/Student/izingnot/LAB2/project_2/project_2.srcs/sources_1/new/tb1.v:23]
WARNING: [Synth 8-3331] design extraction has unconnected port num[11]
---------------------------------------------------------------------------------
Finished Synthesize : Time (s): cpu = 00:00:02 ; elapsed = 00:00:03 . Memory (MB): peak = 411.051 ; gain = 153.719
---------------------------------------------------------------------------------
---------------------------------------------------------------------------------
Finished Constraint Validation : Time (s): cpu = 00:00:02 ; elapsed = 00:00:03 . Memory (MB): peak = 411.051 ; gain = 153.719
---------------------------------------------------------------------------------
---------------------------------------------------------------------------------
Start Loading Part and Timing Information
---------------------------------------------------------------------------------
Loading part: xc7a35tcpg236-1
---------------------------------------------------------------------------------
Finished Loading Part and Timing Information : Time (s): cpu = 00:00:02 ; elapsed = 00:00:03 . Memory (MB): peak = 411.051 ; gain = 153.719
---------------------------------------------------------------------------------
INFO: [Device 21-403] Loading part xc7a35tcpg236-1
INFO: [Synth 8-5544] ROM "exp" won't be mapped to Block RAM because address size (4) smaller than threshold (5)
WARNING: [Synth 8-327] inferring latch for variable 'fraction_reg' [C:/Users/Student/izingnot/LAB2/project_2/project_2.srcs/sources_1/new/oumuamua.v:127]
WARNING: [Synth 8-327] inferring latch for variable 'exponent_reg' [C:/Users/Student/izingnot/LAB2/project_2/project_2.srcs/sources_1/new/oumuamua.v:126]
WARNING: [Synth 8-327] inferring latch for variable 'break_reg' [C:/Users/Student/izingnot/LAB2/project_2/project_2.srcs/sources_1/new/oumuamua.v:122]
WARNING: [Synth 8-327] inferring latch for variable 'exp_reg' [C:/Users/Student/izingnot/LAB2/project_2/project_2.srcs/sources_1/new/oumuamua.v:203]
---------------------------------------------------------------------------------
Finished RTL Optimization Phase 2 : Time (s): cpu = 00:00:03 ; elapsed = 00:00:03 . Memory (MB): peak = 411.051 ; gain = 153.719
---------------------------------------------------------------------------------

Report RTL Partitions: 
+-+--------------+------------+----------+
| |RTL Partition |Replication |Instances |
+-+--------------+------------+----------+
+-+--------------+------------+----------+
No constraint files found.
---------------------------------------------------------------------------------
Start RTL Component Statistics 
---------------------------------------------------------------------------------
Detailed RTL Component Info : 
+---Adders : 
	   2 Input     12 Bit       Adders := 1     
	   2 Input      4 Bit       Adders := 1     
	   2 Input      3 Bit       Adders := 1     
+---Muxes : 
	   2 Input     12 Bit        Muxes := 1     
	   2 Input      4 Bit        Muxes := 2     
	   2 Input      1 Bit        Muxes := 7     
	   7 Input      1 Bit        Muxes := 1     
	   6 Input      1 Bit        Muxes := 1     
---------------------------------------------------------------------------------
Finished RTL Component Statistics 
---------------------------------------------------------------------------------
---------------------------------------------------------------------------------
Start RTL Hierarchical Component Statistics 
---------------------------------------------------------------------------------
Hierarchical RTL Component report 
Module sign 
Detailed RTL Component Info : 
+---Adders : 
	   2 Input     12 Bit       Adders := 1     
+---Muxes : 
	   2 Input     12 Bit        Muxes := 1     
Module extraction 
Detailed RTL Component Info : 
+---Muxes : 
	   2 Input      1 Bit        Muxes := 6     
	   7 Input      1 Bit        Muxes := 1     
	   6 Input      1 Bit        Muxes := 1     
Module round 
Detailed RTL Component Info : 
+---Adders : 
	   2 Input      4 Bit       Adders := 1     
	   2 Input      3 Bit       Adders := 1     
+---Muxes : 
	   2 Input      4 Bit        Muxes := 2     
	   2 Input      1 Bit        Muxes := 1     
---------------------------------------------------------------------------------
Finished RTL Hierarchical Component Statistics
---------------------------------------------------------------------------------
---------------------------------------------------------------------------------
Start Part Resource Summary
---------------------------------------------------------------------------------
Part Resources:
DSPs: 90 (col length:60)
BRAMs: 100 (col length: RAMB18 60 RAMB36 30)
---------------------------------------------------------------------------------
Finished Part Resource Summary
---------------------------------------------------------------------------------
No constraint files found.
---------------------------------------------------------------------------------
Start Cross Boundary and Area Optimization
---------------------------------------------------------------------------------
Warning: Parallel synthesis criteria is not met 
INFO: [Synth 8-5544] ROM "oumuamua/round/exp" won't be mapped to Block RAM because address size (4) smaller than threshold (5)
WARNING: [Synth 8-3332] Sequential element (oumuamua/extract/fraction_reg[4]) is unused and will be removed from module tb1.
WARNING: [Synth 8-3332] Sequential element (oumuamua/extract/fraction_reg[3]) is unused and will be removed from module tb1.
WARNING: [Synth 8-3332] Sequential element (oumuamua/extract/fraction_reg[2]) is unused and will be removed from module tb1.
WARNING: [Synth 8-3332] Sequential element (oumuamua/extract/fraction_reg[1]) is unused and will be removed from module tb1.
WARNING: [Synth 8-3332] Sequential element (oumuamua/extract/fraction_reg[0]) is unused and will be removed from module tb1.
WARNING: [Synth 8-3332] Sequential element (oumuamua/extract/exponent_reg[2]) is unused and will be removed from module tb1.
WARNING: [Synth 8-3332] Sequential element (oumuamua/extract/exponent_reg[1]) is unused and will be removed from module tb1.
WARNING: [Synth 8-3332] Sequential element (oumuamua/extract/exponent_reg[0]) is unused and will be removed from module tb1.
WARNING: [Synth 8-3332] Sequential element (oumuamua/extract/break_reg) is unused and will be removed from module tb1.
WARNING: [Synth 8-3332] Sequential element (oumuamua/round/exp_reg[2]) is unused and will be removed from module tb1.
WARNING: [Synth 8-3332] Sequential element (oumuamua/round/exp_reg[1]) is unused and will be removed from module tb1.
WARNING: [Synth 8-3332] Sequential element (oumuamua/round/exp_reg[0]) is unused and will be removed from module tb1.
---------------------------------------------------------------------------------
Finished Cross Boundary and Area Optimization : Time (s): cpu = 00:00:05 ; elapsed = 00:00:06 . Memory (MB): peak = 521.027 ; gain = 263.695
---------------------------------------------------------------------------------

Report RTL Partitions: 
+-+--------------+------------+----------+
| |RTL Partition |Replication |Instances |
+-+--------------+------------+----------+
+-+--------------+------------+----------+
No constraint files found.
---------------------------------------------------------------------------------
Start Timing Optimization
---------------------------------------------------------------------------------
---------------------------------------------------------------------------------
Finished Timing Optimization : Time (s): cpu = 00:00:05 ; elapsed = 00:00:07 . Memory (MB): peak = 521.027 ; gain = 263.695
---------------------------------------------------------------------------------

Report RTL Partitions: 
+-+--------------+------------+----------+
| |RTL Partition |Replication |Instances |
+-+--------------+------------+----------+
+-+--------------+------------+----------+
---------------------------------------------------------------------------------
Start Technology Mapping
---------------------------------------------------------------------------------
---------------------------------------------------------------------------------
Finished Technology Mapping : Time (s): cpu = 00:00:05 ; elapsed = 00:00:07 . Memory (MB): peak = 521.027 ; gain = 263.695
---------------------------------------------------------------------------------

Report RTL Partitions: 
+-+--------------+------------+----------+
| |RTL Partition |Replication |Instances |
+-+--------------+------------+----------+
+-+--------------+------------+----------+
---------------------------------------------------------------------------------
Start IO Insertion
---------------------------------------------------------------------------------
---------------------------------------------------------------------------------
Start Flattening Before IO Insertion
---------------------------------------------------------------------------------
---------------------------------------------------------------------------------
Finished Flattening Before IO Insertion
---------------------------------------------------------------------------------
---------------------------------------------------------------------------------
Start Final Netlist Cleanup
---------------------------------------------------------------------------------
---------------------------------------------------------------------------------
Finished Final Netlist Cleanup
---------------------------------------------------------------------------------
---------------------------------------------------------------------------------
Finished IO Insertion : Time (s): cpu = 00:00:06 ; elapsed = 00:00:07 . Memory (MB): peak = 521.027 ; gain = 263.695
---------------------------------------------------------------------------------

Report Check Netlist: 
+------+------------------+-------+---------+-------+------------------+
|      |Item              |Errors |Warnings |Status |Description       |
+------+------------------+-------+---------+-------+------------------+
|1     |multi_driven_nets |      0|        0|Passed |Multi driven nets |
+------+------------------+-------+---------+-------+------------------+
---------------------------------------------------------------------------------
Start Renaming Generated Instances
---------------------------------------------------------------------------------
---------------------------------------------------------------------------------
Finished Renaming Generated Instances : Time (s): cpu = 00:00:06 ; elapsed = 00:00:07 . Memory (MB): peak = 521.027 ; gain = 263.695
---------------------------------------------------------------------------------

Report RTL Partitions: 
+-+--------------+------------+----------+
| |RTL Partition |Replication |Instances |
+-+--------------+------------+----------+
+-+--------------+------------+----------+
---------------------------------------------------------------------------------
Start Rebuilding User Hierarchy
---------------------------------------------------------------------------------
---------------------------------------------------------------------------------
Finished Rebuilding User Hierarchy : Time (s): cpu = 00:00:06 ; elapsed = 00:00:07 . Memory (MB): peak = 521.027 ; gain = 263.695
---------------------------------------------------------------------------------
---------------------------------------------------------------------------------
Start Renaming Generated Ports
---------------------------------------------------------------------------------
---------------------------------------------------------------------------------
Finished Renaming Generated Ports : Time (s): cpu = 00:00:06 ; elapsed = 00:00:07 . Memory (MB): peak = 521.027 ; gain = 263.695
---------------------------------------------------------------------------------
---------------------------------------------------------------------------------
Start Handling Custom Attributes
---------------------------------------------------------------------------------
---------------------------------------------------------------------------------
Finished Handling Custom Attributes : Time (s): cpu = 00:00:06 ; elapsed = 00:00:07 . Memory (MB): peak = 521.027 ; gain = 263.695
---------------------------------------------------------------------------------
---------------------------------------------------------------------------------
Start Renaming Generated Nets
---------------------------------------------------------------------------------
---------------------------------------------------------------------------------
Finished Renaming Generated Nets : Time (s): cpu = 00:00:06 ; elapsed = 00:00:07 . Memory (MB): peak = 521.027 ; gain = 263.695
---------------------------------------------------------------------------------
---------------------------------------------------------------------------------
Start Writing Synthesis Report
---------------------------------------------------------------------------------

Report BlackBoxes: 
+-+--------------+----------+
| |BlackBox name |Instances |
+-+--------------+----------+
+-+--------------+----------+

Report Cell Usage: 
+-+-----+------+
| |Cell |Count |
+-+-----+------+
+-+-----+------+

Report Instance Areas: 
+------+---------+-------+------+
|      |Instance |Module |Cells |
+------+---------+-------+------+
|1     |top      |       |     0|
+------+---------+-------+------+
---------------------------------------------------------------------------------
Finished Writing Synthesis Report : Time (s): cpu = 00:00:06 ; elapsed = 00:00:07 . Memory (MB): peak = 521.027 ; gain = 263.695
---------------------------------------------------------------------------------
Synthesis finished with 0 errors, 0 critical warnings and 18 warnings.
Synthesis Optimization Runtime : Time (s): cpu = 00:00:06 ; elapsed = 00:00:07 . Memory (MB): peak = 521.027 ; gain = 263.695
Synthesis Optimization Complete : Time (s): cpu = 00:00:06 ; elapsed = 00:00:07 . Memory (MB): peak = 521.027 ; gain = 263.695
INFO: [Project 1-571] Translating synthesized netlist
INFO: [Project 1-570] Preparing netlist for logic optimization
INFO: [Opt 31-138] Pushed 0 inverter(s) to 0 load pin(s).
INFO: [Project 1-111] Unisim Transformation Summary:
No Unisim elements were transformed.

INFO: [Common 17-83] Releasing license: Synthesis
19 Infos, 18 Warnings, 0 Critical Warnings and 0 Errors encountered.
synth_design completed successfully
synth_design: Time (s): cpu = 00:00:09 ; elapsed = 00:00:11 . Memory (MB): peak = 638.441 ; gain = 394.137
WARNING: [Constraints 18-5210] No constraint will be written out.
INFO: [Common 17-1381] The checkpoint 'C:/Users/Student/izingnot/LAB2/project_2/project_2.runs/synth_1/tb1.dcp' has been generated.
INFO: [runtcl-4] Executing : report_utilization -file tb1_utilization_synth.rpt -pb tb1_utilization_synth.pb
report_utilization: Time (s): cpu = 00:00:00 ; elapsed = 00:00:00.018 . Memory (MB): peak = 638.441 ; gain = 0.000
INFO: [Common 17-206] Exiting Vivado at Thu Oct 26 13:06:31 2023...
